<?xml version="1.0" encoding="UTF-8"?>
<!-- Generated by org.testng.reporters.JUnitXMLReporter -->
<testsuite ignored="0" hostname="DESKTOP-AV5IUUE" failures="1" tests="1" name="Default test" time="59.796" errors="0" timestamp="2023-10-08T16:22:27 IST">
  <testcase classname="test.Ebaytest" name="Ebay" time="38.297">
    <failure type="org.openqa.selenium.ElementClickInterceptedException" message="element click intercepted: Element &amp;lt;a href=&amp;quot;https://signin.ebay.com/ws/eBayISAPI.dll?SignIn&amp;amp;amp;ru=https%3A%2F%2Fwww.ebay.com%2Fitm%2F394816989821%3Fvar%3D663383879378&amp;quot; _sp=&amp;quot;m570.l1524&amp;quot;&amp;gt;...&amp;lt;/a&amp;gt; is not clickable at point (42, 15). Other element would receive the click: &amp;lt;div class=&amp;quot;confirm-dialog confirm-dialog--mask-fade&amp;quot; aria-labelledby=&amp;quot;s0-1-21-5-9-1-42[5]-12-0-dialog-title&amp;quot; aria-modal=&amp;quot;true&amp;quot; role=&amp;quot;dialog&amp;quot; aria-hidden=&amp;quot;false&amp;quot;&amp;gt;...&amp;lt;/div&amp;gt;
  (Session info: MicrosoftEdge=116.0.1938.81)
Build info: version: &amp;apos;4.13.0&amp;apos;, revision: &amp;apos;ba948ece5b*&amp;apos;
System info: os.name: &amp;apos;Windows 10&amp;apos;, os.arch: &amp;apos;amd64&amp;apos;, os.version: &amp;apos;10.0&amp;apos;, java.version: &amp;apos;17.0.6&amp;apos;
Driver info: org.openqa.selenium.edge.EdgeDriver
Command: [bff3fb80a6abd1dd62de4bdb822bb57c, clickElement {id=F2E9C2BFA9AE33282DBFA7F287EA8A0F_element_177}]
Capabilities {acceptInsecureCerts: false, browserName: msedge, browserVersion: 116.0.1938.81, fedcm:accounts: true, ms:edgeOptions: {debuggerAddress: localhost:55493}, msedge: {msedgedriverVersion: 116.0.1938.98 (8e3507a75f3d..., userDataDir: C:\Users\SHIVAK~1\AppData\L...}, networkConnectionEnabled: false, pageLoadStrategy: normal, platformName: windows, proxy: Proxy(), se:cdp: ws://localhost:55493/devtoo..., se:cdpVersion: 116.0.1938.81, setWindowRect: true, strictFileInteractability: false, timeouts: {implicit: 0, pageLoad: 300000, script: 30000}, unhandledPromptBehavior: dismiss and notify, webauthn:extension:credBlob: true, webauthn:extension:largeBlob: true, webauthn:extension:minPinLength: true, webauthn:extension:prf: true, webauthn:virtualAuthenticators: true}
Element: [[EdgeDriver: msedge on windows (bff3fb80a6abd1dd62de4bdb822bb57c)] -&amp;gt; xpath: //*[@id=&amp;quot;gh-ug&amp;quot;]/a]
Session ID: bff3fb80a6abd1dd62de4bdb822bb57c">
      <![CDATA[org.openqa.selenium.ElementClickInterceptedException: element click intercepted: Element <a href="https://signin.ebay.com/ws/eBayISAPI.dll?SignIn&amp;ru=https%3A%2F%2Fwww.ebay.com%2Fitm%2F394816989821%3Fvar%3D663383879378" _sp="m570.l1524">...</a> is not clickable at point (42, 15). Other element would receive the click: <div class="confirm-dialog confirm-dialog--mask-fade" aria-labelledby="s0-1-21-5-9-1-42[5]-12-0-dialog-title" aria-modal="true" role="dialog" aria-hidden="false">...</div>
  (Session info: MicrosoftEdge=116.0.1938.81)
Build info: version: '4.13.0', revision: 'ba948ece5b*'
System info: os.name: 'Windows 10', os.arch: 'amd64', os.version: '10.0', java.version: '17.0.6'
Driver info: org.openqa.selenium.edge.EdgeDriver
Command: [bff3fb80a6abd1dd62de4bdb822bb57c, clickElement {id=F2E9C2BFA9AE33282DBFA7F287EA8A0F_element_177}]
Capabilities {acceptInsecureCerts: false, browserName: msedge, browserVersion: 116.0.1938.81, fedcm:accounts: true, ms:edgeOptions: {debuggerAddress: localhost:55493}, msedge: {msedgedriverVersion: 116.0.1938.98 (8e3507a75f3d..., userDataDir: C:\Users\SHIVAK~1\AppData\L...}, networkConnectionEnabled: false, pageLoadStrategy: normal, platformName: windows, proxy: Proxy(), se:cdp: ws://localhost:55493/devtoo..., se:cdpVersion: 116.0.1938.81, setWindowRect: true, strictFileInteractability: false, timeouts: {implicit: 0, pageLoad: 300000, script: 30000}, unhandledPromptBehavior: dismiss and notify, webauthn:extension:credBlob: true, webauthn:extension:largeBlob: true, webauthn:extension:minPinLength: true, webauthn:extension:prf: true, webauthn:virtualAuthenticators: true}
Element: [[EdgeDriver: msedge on windows (bff3fb80a6abd1dd62de4bdb822bb57c)] -> xpath: //*[@id="gh-ug"]/a]
Session ID: bff3fb80a6abd1dd62de4bdb822bb57c
at java.base/jdk.internal.reflect.NativeConstructorAccessorImpl.newInstance0(Native Method)
at java.base/jdk.internal.reflect.NativeConstructorAccessorImpl.newInstance(NativeConstructorAccessorImpl.java:77)
at java.base/jdk.internal.reflect.DelegatingConstructorAccessorImpl.newInstance(DelegatingConstructorAccessorImpl.java:45)
at java.base/java.lang.reflect.Constructor.newInstanceWithCaller(Constructor.java:499)
at java.base/java.lang.reflect.Constructor.newInstance(Constructor.java:480)
at org.openqa.selenium.remote.codec.w3c.W3CHttpResponseCodec.createException(W3CHttpResponseCodec.java:200)
at org.openqa.selenium.remote.codec.w3c.W3CHttpResponseCodec.decode(W3CHttpResponseCodec.java:133)
at org.openqa.selenium.remote.codec.w3c.W3CHttpResponseCodec.decode(W3CHttpResponseCodec.java:52)
at org.openqa.selenium.remote.HttpCommandExecutor.execute(HttpCommandExecutor.java:191)
at org.openqa.selenium.remote.service.DriverCommandExecutor.invokeExecute(DriverCommandExecutor.java:196)
at org.openqa.selenium.remote.service.DriverCommandExecutor.execute(DriverCommandExecutor.java:171)
at org.openqa.selenium.remote.RemoteWebDriver.execute(RemoteWebDriver.java:602)
at org.openqa.selenium.remote.RemoteWebElement.execute(RemoteWebElement.java:224)
at org.openqa.selenium.remote.RemoteWebElement.click(RemoteWebElement.java:77)
at page.Ebaypage.selectoption(Ebaypage.java:59)
at test.Ebaytest.Ebay(Ebaytest.java:13)
at java.base/jdk.internal.reflect.NativeMethodAccessorImpl.invoke0(Native Method)
at java.base/jdk.internal.reflect.NativeMethodAccessorImpl.invoke(NativeMethodAccessorImpl.java:77)
at java.base/jdk.internal.reflect.DelegatingMethodAccessorImpl.invoke(DelegatingMethodAccessorImpl.java:43)
at java.base/java.lang.reflect.Method.invoke(Method.java:568)
at org.testng.internal.invokers.MethodInvocationHelper.invokeMethod(MethodInvocationHelper.java:139)
at org.testng.internal.invokers.TestInvoker.invokeMethod(TestInvoker.java:664)
at org.testng.internal.invokers.TestInvoker.invokeTestMethod(TestInvoker.java:227)
at org.testng.internal.invokers.MethodRunner.runInSequence(MethodRunner.java:50)
at org.testng.internal.invokers.TestInvoker$MethodInvocationAgent.invoke(TestInvoker.java:957)
at org.testng.internal.invokers.TestInvoker.invokeTestMethods(TestInvoker.java:200)
at org.testng.internal.invokers.TestMethodWorker.invokeTestMethods(TestMethodWorker.java:148)
at org.testng.internal.invokers.TestMethodWorker.run(TestMethodWorker.java:128)
at java.base/java.util.ArrayList.forEach(ArrayList.java:1511)
at org.testng.TestRunner.privateRun(TestRunner.java:848)
at org.testng.TestRunner.run(TestRunner.java:621)
at org.testng.SuiteRunner.runTest(SuiteRunner.java:443)
at org.testng.SuiteRunner.runSequentially(SuiteRunner.java:437)
at org.testng.SuiteRunner.privateRun(SuiteRunner.java:397)
at org.testng.SuiteRunner.run(SuiteRunner.java:336)
at org.testng.SuiteRunnerWorker.runSuite(SuiteRunnerWorker.java:52)
at org.testng.SuiteRunnerWorker.run(SuiteRunnerWorker.java:95)
at org.testng.TestNG.runSuitesSequentially(TestNG.java:1280)
at org.testng.TestNG.runSuitesLocally(TestNG.java:1200)
at org.testng.TestNG.runSuites(TestNG.java:1114)
at org.testng.TestNG.run(TestNG.java:1082)
at org.testng.remote.AbstractRemoteTestNG.run(AbstractRemoteTestNG.java:115)
at org.testng.remote.RemoteTestNG.initAndRun(RemoteTestNG.java:251)
at org.testng.remote.RemoteTestNG.main(RemoteTestNG.java:77)
]]>
    </failure>
  </testcase> <!-- Ebay -->
</testsuite> <!-- Default test -->
