<?xml version="1.0" encoding="UTF-8"?>
<testng-results ignored="0" total="1" passed="1" failed="0" skipped="0">
  <reporter-output>
  </reporter-output>
  <suite started-at="2023-09-19T11:57:45 IST" name="Default suite" finished-at="2023-09-19T12:01:27 IST" duration-ms="221989">
    <groups>
    </groups>
    <test started-at="2023-09-19T11:57:45 IST" name="Default test" finished-at="2023-09-19T12:01:27 IST" duration-ms="221989">
      <class name="test.Ebaytest">
        <test-method is-config="true" signature="setUp()[pri:0, instance:test.Ebaytest@69e153c5]" started-at="2023-09-19T11:57:45 IST" name="setUp" finished-at="2023-09-19T11:59:17 IST" duration-ms="91804" status="PASS">
          <reporter-output>
          </reporter-output>
        </test-method> <!-- setUp -->
        <test-method signature="test1()[pri:0, instance:test.Ebaytest@69e153c5]" started-at="2023-09-19T11:59:18 IST" name="test1" finished-at="2023-09-19T12:01:27 IST" duration-ms="129481" status="PASS">
          <reporter-output>
          </reporter-output>
        </test-method> <!-- test1 -->
      </class> <!-- test.Ebaytest -->
    </test> <!-- Default test -->
  </suite> <!-- Default suite -->
</testng-results>
