<?xml version="1.0" encoding="UTF-8"?>
<testng-results ignored="0" total="1" passed="1" failed="0" skipped="0">
  <reporter-output>
  </reporter-output>
  <suite started-at="2023-07-26T12:56:55 IST" name="Default suite" finished-at="2023-07-26T12:57:25 IST" duration-ms="29403">
    <groups>
    </groups>
    <test started-at="2023-07-26T12:56:55 IST" name="Default test" finished-at="2023-07-26T12:57:25 IST" duration-ms="29403">
      <class name="test.Iterademotest">
        <test-method is-config="true" signature="setUp()[pri:0, instance:test.Iterademotest@69e153c5]" started-at="2023-07-26T12:56:55 IST" name="setUp" finished-at="2023-07-26T12:57:16 IST" duration-ms="20270" status="PASS">
          <reporter-output>
          </reporter-output>
        </test-method> <!-- setUp -->
        <test-method signature="demodatadrive()[pri:0, instance:test.Iterademotest@69e153c5]" started-at="2023-07-26T12:57:16 IST" name="demodatadrive" finished-at="2023-07-26T12:57:25 IST" duration-ms="8989" status="PASS">
          <reporter-output>
          </reporter-output>
        </test-method> <!-- demodatadrive -->
      </class> <!-- test.Iterademotest -->
    </test> <!-- Default test -->
  </suite> <!-- Default suite -->
</testng-results>
